<?xml version="1.0" encoding="UTF-8"?>
<testng-results skipped="0" failed="0" total="1" passed="1">
  <reporter-output>
  </reporter-output>
  <suite name="Default suite" duration-ms="102697" started-at="2020-01-30T13:58:47Z" finished-at="2020-01-30T14:00:30Z">
    <groups>
      <group name="cucumber">
        <method signature="AbstractTestNGCucumberTests.feature(cucumber.api.testng.CucumberFeatureWrapper)[pri:0, instance:testRunner.Runner@3c0ecd4b]" name="feature" class="cucumber.api.testng.AbstractTestNGCucumberTests"/>
      </group> <!-- cucumber -->
    </groups>
    <test name="Default test" duration-ms="102697" started-at="2020-01-30T13:58:47Z" finished-at="2020-01-30T14:00:30Z">
      <class name="testRunner.Runner">
        <test-method status="PASS" signature="setUpClass()[pri:0, instance:testRunner.Runner@3c0ecd4b]" name="setUpClass" is-config="true" duration-ms="500" started-at="2020-01-30T19:28:47Z" finished-at="2020-01-30T19:28:48Z">
          <reporter-output>
          </reporter-output>
        </test-method> <!-- setUpClass -->
        <test-method status="PASS" signature="feature(cucumber.api.testng.CucumberFeatureWrapper)[pri:0, instance:testRunner.Runner@3c0ecd4b]" name="feature" duration-ms="101446" started-at="2020-01-30T19:28:48Z" description="Runs Cucumber Feature" data-provider="features" finished-at="2020-01-30T19:30:29Z">
          <params>
            <param index="0">
              <value>
                <![CDATA[OrangrHRmLogin]]>
              </value>
            </param>
          </params>
          <reporter-output>
          </reporter-output>
        </test-method> <!-- feature -->
        <test-method status="PASS" signature="tearDownClass()[pri:0, instance:testRunner.Runner@3c0ecd4b]" name="tearDownClass" is-config="true" duration-ms="597" started-at="2020-01-30T19:30:29Z" finished-at="2020-01-30T19:30:30Z">
          <reporter-output>
          </reporter-output>
        </test-method> <!-- tearDownClass -->
      </class> <!-- testRunner.Runner -->
    </test> <!-- Default test -->
  </suite> <!-- Default suite -->
</testng-results>
